C:\USERS\KRZYSZTOF PAZDUR\DOCUMENTS\VISUAL STUDIO 2012\PROJECTS\5PLIKOW\5PLIKOW\DEBUG\DRUGI_WYMIAR.OBJ
C:\USERS\KRZYSZTOF PAZDUR\DOCUMENTS\VISUAL STUDIO 2012\PROJECTS\5PLIKOW\5PLIKOW\DEBUG\FIBONACZ.OBJ
C:\USERS\KRZYSZTOF PAZDUR\DOCUMENTS\VISUAL STUDIO 2012\PROJECTS\5PLIKOW\5PLIKOW\DEBUG\LOTTO.OBJ
C:\USERS\KRZYSZTOF PAZDUR\DOCUMENTS\VISUAL STUDIO 2012\PROJECTS\5PLIKOW\5PLIKOW\DEBUG\MAIN.OBJ
C:\USERS\KRZYSZTOF PAZDUR\DOCUMENTS\VISUAL STUDIO 2012\PROJECTS\5PLIKOW\5PLIKOW\DEBUG\SILNIA.OBJ
C:\USERS\KRZYSZTOF PAZDUR\DOCUMENTS\VISUAL STUDIO 2012\PROJECTS\5PLIKOW\5PLIKOW\DEBUG\XY.OBJ
C:\USERS\KRZYSZTOF PAZDUR\DOCUMENTS\VISUAL STUDIO 2012\PROJECTS\5PLIKOW\5PLIKOW\DEBUG\VC110.PDB
C:\USERS\KRZYSZTOF PAZDUR\DOCUMENTS\VISUAL STUDIO 2012\PROJECTS\5PLIKOW\DEBUG\5PLIKOW.ILK
C:\USERS\KRZYSZTOF PAZDUR\DOCUMENTS\VISUAL STUDIO 2012\PROJECTS\5PLIKOW\DEBUG\5PLIKOW.EXE
C:\USERS\KRZYSZTOF PAZDUR\DOCUMENTS\VISUAL STUDIO 2012\PROJECTS\5PLIKOW\DEBUG\5PLIKOW.PDB
C:\Users\Krzysztof Pazdur\documents\visual studio 2012\Projects\5plikow\5plikow\Debug\drugi_wymiar.obj
C:\Users\Krzysztof Pazdur\documents\visual studio 2012\Projects\5plikow\5plikow\Debug\fibonacz.obj
C:\Users\Krzysztof Pazdur\documents\visual studio 2012\Projects\5plikow\5plikow\Debug\Lotto.obj
C:\Users\Krzysztof Pazdur\documents\visual studio 2012\Projects\5plikow\5plikow\Debug\main.obj
C:\Users\Krzysztof Pazdur\documents\visual studio 2012\Projects\5plikow\5plikow\Debug\silnia.obj
C:\Users\Krzysztof Pazdur\documents\visual studio 2012\Projects\5plikow\5plikow\Debug\xy.obj
C:\Users\Krzysztof Pazdur\documents\visual studio 2012\Projects\5plikow\5plikow\Debug\cl.command.1.tlog
C:\Users\Krzysztof Pazdur\documents\visual studio 2012\Projects\5plikow\5plikow\Debug\CL.read.1.tlog
C:\Users\Krzysztof Pazdur\documents\visual studio 2012\Projects\5plikow\5plikow\Debug\CL.write.1.tlog
C:\Users\Krzysztof Pazdur\documents\visual studio 2012\Projects\5plikow\5plikow\Debug\link-cvtres.read.1.tlog
C:\Users\Krzysztof Pazdur\documents\visual studio 2012\Projects\5plikow\5plikow\Debug\link-cvtres.write.1.tlog
C:\Users\Krzysztof Pazdur\documents\visual studio 2012\Projects\5plikow\5plikow\Debug\link-rc.read.1.tlog
C:\Users\Krzysztof Pazdur\documents\visual studio 2012\Projects\5plikow\5plikow\Debug\link-rc.write.1.tlog
C:\Users\Krzysztof Pazdur\documents\visual studio 2012\Projects\5plikow\5plikow\Debug\link.3252-cvtres.read.1.tlog
C:\Users\Krzysztof Pazdur\documents\visual studio 2012\Projects\5plikow\5plikow\Debug\link.3252-cvtres.write.1.tlog
C:\Users\Krzysztof Pazdur\documents\visual studio 2012\Projects\5plikow\5plikow\Debug\link.3252-rc.read.1.tlog
C:\Users\Krzysztof Pazdur\documents\visual studio 2012\Projects\5plikow\5plikow\Debug\link.3252-rc.write.1.tlog
C:\Users\Krzysztof Pazdur\documents\visual studio 2012\Projects\5plikow\5plikow\Debug\link.3252.read.1.tlog
C:\Users\Krzysztof Pazdur\documents\visual studio 2012\Projects\5plikow\5plikow\Debug\link.3252.write.1.tlog
C:\Users\Krzysztof Pazdur\documents\visual studio 2012\Projects\5plikow\5plikow\Debug\link.command.1.tlog
C:\Users\Krzysztof Pazdur\documents\visual studio 2012\Projects\5plikow\5plikow\Debug\link.read.1.tlog
C:\Users\Krzysztof Pazdur\documents\visual studio 2012\Projects\5plikow\5plikow\Debug\link.write.1.tlog
C:\Users\Krzysztof Pazdur\documents\visual studio 2012\Projects\5plikow\5plikow\Debug\vc110.idb
C:\Users\Krzysztof Pazdur\documents\visual studio 2012\Projects\5plikow\5plikow\Debug\vc110.pdb
C:\Users\Krzysztof Pazdur\documents\visual studio 2012\Projects\5plikow\Debug\5plikow.pdb
C:\Users\Krzysztof Pazdur\documents\visual studio 2012\Projects\5plikow\Debug\5plikow.exe
C:\Users\Krzysztof Pazdur\documents\visual studio 2012\Projects\5plikow\Debug\5plikow.ilk
