c:\users\krzysztof pazdur\documents\visual studio 2013\projects\niedotykajkolcow\niedotykajkolcow\debug\vc120.pdb
c:\users\krzysztof pazdur\documents\visual studio 2013\projects\niedotykajkolcow\niedotykajkolcow\debug\vc120.idb
c:\users\krzysztof pazdur\documents\visual studio 2013\projects\niedotykajkolcow\niedotykajkolcow\debug\collision.obj
c:\users\krzysztof pazdur\documents\visual studio 2013\projects\niedotykajkolcow\niedotykajkolcow\debug\duck.obj
c:\users\krzysztof pazdur\documents\visual studio 2013\projects\niedotykajkolcow\niedotykajkolcow\debug\source.obj
c:\users\krzysztof pazdur\documents\visual studio 2013\projects\niedotykajkolcow\niedotykajkolcow\debug\spike.obj
c:\users\krzysztof pazdur\documents\visual studio 2013\projects\niedotykajkolcow\debug\niedotykajkolcow.ilk
c:\users\krzysztof pazdur\documents\visual studio 2013\projects\niedotykajkolcow\debug\niedotykajkolcow.exe
c:\users\krzysztof pazdur\documents\visual studio 2013\projects\niedotykajkolcow\debug\niedotykajkolcow.pdb
c:\users\krzysztof pazdur\documents\visual studio 2013\projects\niedotykajkolcow\niedotykajkolcow\debug\res.res
f:\programwanie\obiektowo\zaliczenie\niedotykajkolcow\niedotykajkolcow\debug\collision.obj
f:\programwanie\obiektowo\zaliczenie\niedotykajkolcow\niedotykajkolcow\debug\duck.obj
f:\programwanie\obiektowo\zaliczenie\niedotykajkolcow\niedotykajkolcow\debug\source.obj
f:\programwanie\obiektowo\zaliczenie\niedotykajkolcow\niedotykajkolcow\debug\spike.obj
f:\programwanie\obiektowo\zaliczenie\niedotykajkolcow\niedotykajkolcow\debug\res.res
f:\programwanie\obiektowo\zaliczenie\niedotykajkolcow\niedotykajkolcow\debug\vc120.idb
f:\programwanie\obiektowo\zaliczenie\niedotykajkolcow\niedotykajkolcow\debug\vc120.pdb
f:\programwanie\obiektowo\zaliczenie\niedotykajkolcow\debug\niedotykajkolcow.pdb
f:\programwanie\obiektowo\zaliczenie\niedotykajkolcow\debug\niedotykajkolcow.exe
f:\programwanie\obiektowo\zaliczenie\niedotykajkolcow\debug\niedotykajkolcow.ilk
f:\programwanie\obiektowo\zaliczenie\niedotykajkolcow\niedotykajkolcow\debug\niedotykajkolcow.tlog\cl.command.1.tlog
f:\programwanie\obiektowo\zaliczenie\niedotykajkolcow\niedotykajkolcow\debug\niedotykajkolcow.tlog\cl.read.1.tlog
f:\programwanie\obiektowo\zaliczenie\niedotykajkolcow\niedotykajkolcow\debug\niedotykajkolcow.tlog\cl.write.1.tlog
f:\programwanie\obiektowo\zaliczenie\niedotykajkolcow\niedotykajkolcow\debug\niedotykajkolcow.tlog\link.command.1.tlog
f:\programwanie\obiektowo\zaliczenie\niedotykajkolcow\niedotykajkolcow\debug\niedotykajkolcow.tlog\link.read.1.tlog
f:\programwanie\obiektowo\zaliczenie\niedotykajkolcow\niedotykajkolcow\debug\niedotykajkolcow.tlog\link.write.1.tlog
f:\programwanie\obiektowo\zaliczenie\niedotykajkolcow\niedotykajkolcow\debug\niedotykajkolcow.tlog\rc.command.1.tlog
f:\programwanie\obiektowo\zaliczenie\niedotykajkolcow\niedotykajkolcow\debug\niedotykajkolcow.tlog\rc.read.1.tlog
f:\programwanie\obiektowo\zaliczenie\niedotykajkolcow\niedotykajkolcow\debug\niedotykajkolcow.tlog\rc.write.1.tlog
