C:\USERS\KRZYSZTOF PAZDUR\DOCUMENTS\VISUAL STUDIO 2012\PROJECTS\3TI\DEBUG\3TI.BSC
C:\USERS\KRZYSZTOF PAZDUR\DOCUMENTS\VISUAL STUDIO 2012\PROJECTS\3TI\3TI\DEBUG\PROGRAM.CPP.NATIVECODEANALYSIS.XML
C:\USERS\KRZYSZTOF PAZDUR\DOCUMENTS\VISUAL STUDIO 2012\PROJECTS\3TI\3TI\DEBUG\PROGRAM.OBJ
C:\USERS\KRZYSZTOF PAZDUR\DOCUMENTS\VISUAL STUDIO 2012\PROJECTS\3TI\3TI\DEBUG\VC110.PDB
C:\USERS\KRZYSZTOF PAZDUR\DOCUMENTS\VISUAL STUDIO 2012\PROJECTS\3TI\3TI\DEBUG\PROGRAM.SBR
C:\USERS\KRZYSZTOF PAZDUR\DOCUMENTS\VISUAL STUDIO 2012\PROJECTS\3TI\DEBUG\3TI.ILK
C:\USERS\KRZYSZTOF PAZDUR\DOCUMENTS\VISUAL STUDIO 2012\PROJECTS\3TI\DEBUG\3TI.EXE
C:\USERS\KRZYSZTOF PAZDUR\DOCUMENTS\VISUAL STUDIO 2012\PROJECTS\3TI\DEBUG\3TI.PDB
C:\Users\Krzysztof Pazdur\Documents\Visual Studio 2012\Projects\3ti\3ti\Debug\Program.obj
C:\Users\Krzysztof Pazdur\Documents\Visual Studio 2012\Projects\3ti\3ti\Debug\BscMake.command.1.tlog
C:\Users\Krzysztof Pazdur\Documents\Visual Studio 2012\Projects\3ti\3ti\Debug\bscmake.read.1.tlog
C:\Users\Krzysztof Pazdur\Documents\Visual Studio 2012\Projects\3ti\3ti\Debug\BscMake.write.1.tlog
C:\Users\Krzysztof Pazdur\Documents\Visual Studio 2012\Projects\3ti\3ti\Debug\cl.command.1.tlog
C:\Users\Krzysztof Pazdur\Documents\Visual Studio 2012\Projects\3ti\3ti\Debug\CL.read.1.tlog
C:\Users\Krzysztof Pazdur\Documents\Visual Studio 2012\Projects\3ti\3ti\Debug\CL.write.1.tlog
C:\Users\Krzysztof Pazdur\Documents\Visual Studio 2012\Projects\3ti\3ti\Debug\link-cvtres.read.1.tlog
C:\Users\Krzysztof Pazdur\Documents\Visual Studio 2012\Projects\3ti\3ti\Debug\link-cvtres.write.1.tlog
C:\Users\Krzysztof Pazdur\Documents\Visual Studio 2012\Projects\3ti\3ti\Debug\link-rc.read.1.tlog
C:\Users\Krzysztof Pazdur\Documents\Visual Studio 2012\Projects\3ti\3ti\Debug\link-rc.write.1.tlog
C:\Users\Krzysztof Pazdur\Documents\Visual Studio 2012\Projects\3ti\3ti\Debug\link.1308-cvtres.read.1.tlog
C:\Users\Krzysztof Pazdur\Documents\Visual Studio 2012\Projects\3ti\3ti\Debug\link.1308-cvtres.write.1.tlog
C:\Users\Krzysztof Pazdur\Documents\Visual Studio 2012\Projects\3ti\3ti\Debug\link.1308-rc.read.1.tlog
C:\Users\Krzysztof Pazdur\Documents\Visual Studio 2012\Projects\3ti\3ti\Debug\link.1308-rc.write.1.tlog
C:\Users\Krzysztof Pazdur\Documents\Visual Studio 2012\Projects\3ti\3ti\Debug\link.1308.read.1.tlog
C:\Users\Krzysztof Pazdur\Documents\Visual Studio 2012\Projects\3ti\3ti\Debug\link.1308.write.1.tlog
C:\Users\Krzysztof Pazdur\Documents\Visual Studio 2012\Projects\3ti\3ti\Debug\link.command.1.tlog
C:\Users\Krzysztof Pazdur\Documents\Visual Studio 2012\Projects\3ti\3ti\Debug\link.read.1.tlog
C:\Users\Krzysztof Pazdur\Documents\Visual Studio 2012\Projects\3ti\3ti\Debug\link.write.1.tlog
C:\Users\Krzysztof Pazdur\Documents\Visual Studio 2012\Projects\3ti\3ti\Debug\NativeCodeAnalysis.read.1.tlog
C:\Users\Krzysztof Pazdur\Documents\Visual Studio 2012\Projects\3ti\3ti\Debug\vc110.idb
C:\Users\Krzysztof Pazdur\Documents\Visual Studio 2012\Projects\3ti\3ti\Debug\vc110.pdb
C:\Users\Krzysztof Pazdur\Documents\Visual Studio 2012\Projects\3ti\3ti\Debug\Program.sbr
C:\Users\Krzysztof Pazdur\Documents\Visual Studio 2012\Projects\3ti\3ti\Debug\Program.cpp.nativecodeanalysis.xml
C:\Users\Krzysztof Pazdur\Documents\Visual Studio 2012\Projects\3ti\3ti\Debug\vc.nativecodeanalysis.all.xml
C:\Users\Krzysztof Pazdur\Documents\Visual Studio 2012\Projects\3ti\Debug\3ti.pdb
C:\Users\Krzysztof Pazdur\Documents\Visual Studio 2012\Projects\3ti\Debug\3ti.exe
C:\Users\Krzysztof Pazdur\Documents\Visual Studio 2012\Projects\3ti\Debug\3ti.bsc
C:\Users\Krzysztof Pazdur\Documents\Visual Studio 2012\Projects\3ti\Debug\3ti.ilk
C:\Users\Krzysztof Pazdur\Documents\Visual Studio 2012\Projects\3ti\Debug\3ti.exe.lastcodeanalysissucceeded
