Kompilacja rozpoczęła się 2013-09-29 20:57:11.
     1>Projekt „C:\Users\Krzysztof Pazdur\documents\visual studio 2012\Projects\5plikow\5plikow\5plikow.vcxproj” w węźle 2 (elementy docelowe: Rebuild).
     1>ClCompile:
         E:\Programy\Visual Studio\VC\bin\CL.exe /c /Zi /nologo /W3 /WX- /sdl /O2 /Oi /Oy- /D WIN32 /D NDEBUG /D _CONSOLE /Gm- /EHsc /MD /GS /Gy /fp:precise /Zc:wchar_t /Zc:forScope /Fo"Release\\" /Fd"Release\vc110.pdb" /Gd /TP /analyze- /errorReport:prompt drugi_wymiar.cpp fibonacz.cpp Lotto.cpp main.cpp silnia.cpp xy.cpp
         drugi_wymiar.cpp
         fibonacz.cpp
         Lotto.cpp
         main.cpp
     1>main.cpp(24): warning C4244: "argument" : konwersja z "time_t" do "unsigned int", możliwa utrata danych
     1>main.cpp(123): warning C4244: "argument" : konwersja z "double" do "long", możliwa utrata danych
         silnia.cpp
         xy.cpp
         Generowanie kodu...
       Link:
         E:\Programy\Visual Studio\VC\bin\link.exe /ERRORREPORT:PROMPT /OUT:"C:\Users\Krzysztof Pazdur\documents\visual studio 2012\Projects\5plikow\Release\5plikow.exe" /INCREMENTAL:NO /NOLOGO kernel32.lib user32.lib gdi32.lib winspool.lib comdlg32.lib advapi32.lib shell32.lib ole32.lib oleaut32.lib uuid.lib odbc32.lib odbccp32.lib /MANIFEST /MANIFESTUAC:"level='asInvoker' uiAccess='false'" /manifest:embed /DEBUG /PDB:"C:\Users\Krzysztof Pazdur\documents\visual studio 2012\Projects\5plikow\Release\5plikow.pdb" /SUBSYSTEM:CONSOLE /OPT:REF /OPT:ICF /TLBID:1 /DYNAMICBASE /NXCOMPAT /IMPLIB:"C:\Users\Krzysztof Pazdur\documents\visual studio 2012\Projects\5plikow\Release\5plikow.lib" /MACHINE:X86 /SAFESEH Release\drugi_wymiar.obj
         Release\fibonacz.obj
         Release\Lotto.obj
         Release\main.obj
         Release\silnia.obj
         Release\xy.obj
         5plikow.vcxproj -> C:\Users\Krzysztof Pazdur\documents\visual studio 2012\Projects\5plikow\Release\5plikow.exe
     1>Kompilowanie projektu „C:\Users\Krzysztof Pazdur\documents\visual studio 2012\Projects\5plikow\5plikow\5plikow.vcxproj” wykonane (elementy docelowe: Rebuild).

Kompilacja powiodła się.

Czas, który upłynął: 00:00:01.82
